mail() on [/home/carinote/public_html/elegance/contact.php:16]: To: newthinks@live.com -- Headers: From: 11111  Reply-To: 11111
mail() on [/home/carinote/public_html/elegance/contact.php:16]: To: newthinks@live.com -- Headers: From: 2  Reply-To: 2
mail() on [/home/carinote/public_html/elegance/contact.php:16]: To: newthinks@live.com -- Headers: From: rfgdfgdfg  Reply-To: rfgdfgdfg
mail() on [/home/carinote/public_html/elegance/contact.php:16]: To: newthinks@live.com -- Headers: From:   Reply-To:
mail() on [/home/carinote/public_html/elegance/contact.php:16]: To: newthinks@live.com -- Headers: From: fsdfsdfs@sdfsdf.com  Reply-To: fsdfsdfs@sdfsdf.com
mail() on [/home/carinote/public_html/elegance/contact.php:16]: To: newthinks@live.com -- Headers: From: sdf  Reply-To: sdf
mail() on [/home/carinote/public_html/elegance/contact.php:16]: To: newthinks@live.com -- Headers: From: test@email.tld  Reply-To: test@email.tld
mail() on [/home/carinote/public_html/elegance/contact.php:16]: To: newthinks@live.com -- Headers: From: test@er.com  Reply-To: test@er.com
mail() on [/home/carinote/public_html/elegance/contact.php:16]: To: newthinks@live.com -- Headers: From: 4564  Reply-To: 4564
mail() on [/home/carinote/public_html/elegance/contact.php:16]: To: newthinks@live.com -- Headers: From: fs  Reply-To: fs
mail() on [/home/carinote/public_html/elegance/contact.php:16]: To: newthinks@live.com -- Headers: From:   Reply-To:
mail() on [/home/carinote/public_html/elegance/contact.php:16]: To: newthinks@live.com -- Headers: From: sphinx@sphinxarts.com.ar  Reply-To: sphinx@sphinxarts.com.ar
mail() on [/home/carinote/public_html/elegance/contact.php:16]: To: newthinks@live.com -- Headers: From: ch@olympia-fitness.de  Reply-To: ch@olympia-fitness.de
mail() on [/home/carinote/public_html/elegance/contact.php:16]: To: newthinks@live.com -- Headers: From:   Reply-To:
mail() on [/home/carinote/public_html/elegance/contact.php:16]: To: newthinks@live.com -- Headers: From: polo974@yopmail.com  Reply-To: polo974@yopmail.com
mail() on [/home/carinote/public_html/elegance/contact.php:16]: To: newthinks@live.com -- Headers: From:   Reply-To:
mail() on [/home/carinote/public_html/elegance/contact.php:16]: To: newthinks@live.com -- Headers: From: hnghjnnjg  Reply-To: hnghjnnjg
mail() on [/home/carinote/public_html/elegance/contact.php:16]: To: newthinks@live.com -- Headers: From: test  Reply-To: test
mail() on [/home/carinote/public_html/elegance/contact.php:16]: To: newthinks@live.com -- Headers: From:   Reply-To:
mail() on [/home/carinote/public_html/elegance/contact.php:16]: To: newthinks@live.com -- Headers: From: fdgfdg  Reply-To: fdgfdg
mail() on [/home/carinote/public_html/elegance/contact.php:16]: To: newthinks@live.com -- Headers: From:   Reply-To:
mail() on [/home/carinote/public_html/elegance/contact.php:16]: To: newthinks@live.com -- Headers: From: s  Reply-To: s
mail() on [/home/carinote/public_html/elegance/contact.php:16]: To: newthinks@live.com -- Headers: From:   Reply-To:
mail() on [/home/carinote/public_html/elegance/contact.php:16]: To: newthinks@live.com -- Headers: From: dd  Reply-To: dd
mail() on [/home/carinote/public_html/elegance/contact.php:16]: To: newthinks@live.com -- Headers: From: vspl.payroll@gmail.com  Reply-To: vspl.payroll@gmail.com
mail() on [/home/carinote/public_html/elegance/contact.php:16]: To: newthinks@live.com -- Headers: From:   Reply-To:
mail() on [/home/carinote/public_html/elegance/contact.php:16]: To: newthinks@live.com -- Headers: From: a  Reply-To: a
mail() on [/home/carinote/public_html/elegance/contact.php:16]: To: newthinks@live.com -- Headers: From: zgvsaer  Reply-To: zgvsaer
mail() on [/home/carinote/public_html/elegance/contact.php:16]: To: newthinks@live.com -- Headers: From: sdfsf  Reply-To: sdfsf
mail() on [/home/carinote/public_html/elegance/contact.php:16]: To: newthinks@live.com -- Headers: From:   Reply-To:
mail() on [/home/carinote/public_html/elegance/contact.php:16]: To: newthinks@live.com -- Headers: From: trustdk@live.dk  Reply-To: trustdk@live.dk
mail() on [/home/carinote/public_html/elegance/contact.php:16]: To: newthinks@live.com -- Headers: From: asdasd  Reply-To: asdasd
mail() on [/home/carinote/public_html/elegance/contact.php:16]: To: newthinks@live.com -- Headers: From:   Reply-To:
mail() on [/home/carinote/public_html/elegance/contact.php:16]: To: newthinks@live.com -- Headers: From: te  Reply-To: te
mail() on [/home/carinote/public_html/elegance/contact.php:16]: To: newthinks@live.com -- Headers: From: rajesh@studioq.co.in  Reply-To: rajesh@studioq.co.in
mail() on [/home/carinote/public_html/elegance/contact.php:16]: To: newthinks@live.com -- Headers: From: adfsdf@gmail.com  Reply-To: adfsdf@gmail.com
mail() on [/home/carinote/public_html/elegance/contact.php:16]: To: newthinks@live.com -- Headers: From: ggg  Reply-To: ggg
mail() on [/home/carinote/public_html/elegance/contact.php:16]: To: newthinks@live.com -- Headers: From: support@superbsocial.net  Reply-To: support@superbsocial.net
mail() on [/home/carinote/public_html/elegance/contact.php:16]: To: newthinks@live.com -- Headers: From: wewq  Reply-To: wewq
mail() on [/home/carinote/public_html/elegance/contact.php:16]: To: newthinks@live.com -- Headers: From:   Reply-To:
mail() on [/home/carinote/public_html/elegance/contact.php:16]: To: newthinks@live.com -- Headers: From: ee  Reply-To: ee
mail() on [/home/carinote/public_html/elegance/contact.php:16]: To: newthinks@live.com -- Headers: From:   Reply-To:
mail() on [/home/carinote/public_html/elegance/contact.php:16]: To: newthinks@live.com -- Headers: From: sdfsdf@sdsd.sd  Reply-To: sdfsdf@sdsd.sd
mail() on [/home/carinote/public_html/elegance/contact.php:16]: To: newthinks@live.com -- Headers: From: eoodkeokd  Reply-To: eoodkeokd
mail() on [/home/carinote/public_html/elegance/contact.php:16]: To: newthinks@live.com -- Headers: From: z  Reply-To: z
mail() on [/home/carinote/public_html/elegance/contact.php:16]: To: newthinks@live.com -- Headers: From: sdfe  Reply-To: sdfe
mail() on [/home/carinote/public_html/elegance/contact.php:16]: To: newthinks@live.com -- Headers: From: gmail@gmail.com  Reply-To: gmail@gmail.com
mail() on [/home/carinote/public_html/elegance/contact.php:16]: To: newthinks@live.com -- Headers: From: gmail@gmail.com  Reply-To: gmail@gmail.com
mail() on [/home/carinote/public_html/elegance/contact.php:16]: To: newthinks@live.com -- Headers: From: toto@toto.fr  Reply-To: toto@toto.fr
mail() on [/home/carinote/public_html/elegance/contact.php:16]: To: newthinks@live.com -- Headers: From: ll  Reply-To: ll
mail() on [/home/carinote/public_html/elegance/contact.php:16]: To: newthinks@live.com -- Headers: From: ligliglig  Reply-To: ligliglig
mail() on [/home/carinote/public_html/elegance/contact.php:16]: To: newthinks@live.com -- Headers: From: dfd  Reply-To: dfd
mail() on [/home/carinote/public_html/elegance/contact.php:16]: To: newthinks@live.com -- Headers: From: d  Reply-To: d
mail() on [/home/carinote/public_html/elegance/contact.php:16]: To: newthinks@live.com -- Headers: From:   Reply-To:
mail() on [/home/carinote/public_html/elegance/contact.php:16]: To: newthinks@live.com -- Headers: From:   Reply-To:
mail() on [/home/carinote/public_html/elegance/contact.php:16]: To: newthinks@live.com -- Headers: From: tdtdtd@rtererfs.com  Reply-To: tdtdtd@rtererfs.com
mail() on [/home/carinote/public_html/elegance/contact.php:16]: To: newthinks@live.com -- Headers: From:   Reply-To:
mail() on [/home/carinote/public_html/elegance/contact.php:16]: To: newthinks@live.com -- Headers: From:   Reply-To:
mail() on [/home/carinote/public_html/elegance/contact.php:16]: To: newthinks@live.com -- Headers: From: rtyrty@rtyrty.com  Reply-To: rtyrty@rtyrty.com
